2025-08-11 14:12:29 [main] INFO  demoqaBase - Starting Web Browser...
2025-08-11 14:12:31 [main] INFO  demoqaBase - Navigating to demoqa.com Website
2025-08-11 14:13:01 [main] WARN  demoqaLog - Navigation failed due to 502 or timeout. Retrying... Attempt 1
2025-08-11 14:13:04 [main] INFO  demoqaLog - Successfully navigated to: https://demoqa.com
2025-08-11 14:13:04 [main] INFO  demoqaLog - Starting Test Alerts, Frames & Windows...
2025-08-11 14:13:04 [main] INFO  demoqaLog - Accessing Alerts, Frame & Windows Card...
2025-08-11 14:13:04 [main] INFO  demoqaLog - Clicking on Alert Frame & Windows Card...
2025-08-11 14:13:05 [main] INFO  demoqaLog - Clicked on on Alert Frame & Windows Card...
2025-08-11 14:13:05 [main] INFO  demoqaLog - Page: Alerts, Frame & Windows Card...
2025-08-11 14:13:05 [main] INFO  demoqaLog -  Alerts, Frames & Windows Test Completed...
2025-08-11 14:13:05 [main] INFO  demoqaBase - Closing the Browser...
2025-08-11 14:13:05 [main] INFO  demoqaBase - Starting Web Browser...
2025-08-11 14:13:06 [main] INFO  demoqaBase - Navigating to demoqa.com Website
2025-08-11 14:13:36 [main] WARN  demoqaLog - Navigation failed due to 502 or timeout. Retrying... Attempt 1
2025-08-11 14:13:40 [main] INFO  demoqaLog - Successfully navigated to: https://demoqa.com
2025-08-11 14:13:40 [main] INFO  demoqaLog - Starting Test Elements | Text Box Test...
2025-08-11 14:13:40 [main] INFO  demoqaLog - Accessing Elements Card...
2025-08-11 14:13:40 [main] INFO  demoqaLog - Successfully navigated to: https://demoqa.com
2025-08-11 14:13:40 [main] INFO  demoqaLog - Clicking on Elements Card...
2025-08-11 14:13:41 [main] INFO  demoqaLog - Element Card Test Completed...
2025-08-11 14:13:41 [main] INFO  demoqaBase - Closing the Browser...
2025-08-11 14:13:41 [main] INFO  demoqaBase - Starting Web Browser...
2025-08-11 14:13:42 [main] INFO  demoqaBase - Navigating to demoqa.com Website
2025-08-11 14:14:12 [main] WARN  demoqaLog - Navigation failed due to 502 or timeout. Retrying... Attempt 1
2025-08-11 14:14:15 [main] INFO  demoqaLog - Successfully navigated to: https://demoqa.com
2025-08-11 14:14:15 [main] INFO  demoqaLog - Starting Test Elements | Text Box Test...
2025-08-11 14:14:15 [main] INFO  demoqaLog - Accessing Elements Card...
2025-08-11 14:14:16 [main] INFO  demoqaLog - Successfully navigated to: https://demoqa.com
2025-08-11 14:14:16 [main] INFO  demoqaLog - Clicking on Elements Card...
2025-08-11 14:14:16 [main] INFO  demoqaLog - Accessing Text Box...
2025-08-11 14:14:17 [main] INFO  demoqaLog - You are accessing: Text Box
2025-08-11 14:14:17 [main] INFO  demoqaLog - Title of this Page is: DEMOQA
2025-08-11 14:14:17 [main] INFO  demoqaLog - Entering Full Name...
2025-08-11 14:14:17 [main] INFO  demoqaLog - Full Name is: John Rambo
2025-08-11 14:14:17 [main] INFO  demoqaLog - Entering Email Address...
2025-08-11 14:14:17 [main] INFO  demoqaLog - Email Address is: JRambo@demoqa.com
2025-08-11 14:14:17 [main] INFO  demoqaLog - Entering Current Address...
2025-08-11 14:14:18 [main] INFO  demoqaLog - Current Address is: 511 Grant 481, Prattsville
 Arkansas 72129
 United States
2025-08-11 14:14:18 [main] INFO  demoqaLog - Entering Permanent Address...
2025-08-11 14:14:18 [main] INFO  demoqaLog - Parmenant Address is: 579 Grant 3381, Prattsville
 Arkansas 72100
 United States
2025-08-11 14:14:18 [main] INFO  demoqaLog - Clicking on Submit Button...
2025-08-11 14:14:18 [main] INFO  demoqaLog - Clicked Submit Button...
2025-08-11 14:14:18 [main] INFO  demoqaLog - Text Box Element Test Completed...
2025-08-11 14:14:19 [main] INFO  demoqaBase - Closing the Browser...
2025-08-11 14:14:19 [main] INFO  demoqaBase - Starting Web Browser...
2025-08-11 14:14:20 [main] INFO  demoqaBase - Navigating to demoqa.com Website
2025-08-11 14:14:47 [main] INFO  demoqaLog - Successfully navigated to: https://demoqa.com
2025-08-11 14:14:47 [main] INFO  demoqaLog - Starting Test Elements | Check Box Test...
2025-08-11 14:14:47 [main] INFO  demoqaLog - Accessing Elements Card...
2025-08-11 14:14:48 [main] INFO  demoqaLog - Successfully navigated to: https://demoqa.com
2025-08-11 14:14:48 [main] INFO  demoqaLog - Clicking on Elements Card...
2025-08-11 14:14:48 [main] INFO  demoqaLog - Accessing Check Box...
2025-08-11 14:14:49 [main] INFO  demoqaLog - You are accessing: Check Box
2025-08-11 14:14:49 [main] INFO  demoqaLog - Test Elements | Check Box Test Test Completed...
2025-08-11 14:14:49 [main] INFO  demoqaBase - Closing the Browser...
2025-08-11 14:14:49 [main] INFO  demoqaBase - Starting Web Browser...
2025-08-11 14:14:50 [main] INFO  demoqaBase - Navigating to demoqa.com Website
2025-08-11 14:15:20 [main] WARN  demoqaLog - Navigation failed due to 502 or timeout. Retrying... Attempt 1
2025-08-11 14:15:24 [main] INFO  demoqaLog - Successfully navigated to: https://demoqa.com
2025-08-11 14:15:24 [main] INFO  demoqaLog - Starting Test Elements | Selecting Home Check Box Test...
2025-08-11 14:15:24 [main] INFO  demoqaLog - Accessing Elements Card...
2025-08-11 14:15:24 [main] INFO  demoqaLog - Successfully navigated to: https://demoqa.com
2025-08-11 14:15:24 [main] INFO  demoqaLog - Clicking on Elements Card...
2025-08-11 14:15:24 [main] INFO  demoqaLog - Accessing Check Box...
2025-08-11 14:15:25 [main] INFO  demoqaLog - You are accessing: Check Box
2025-08-11 14:15:25 [main] INFO  demoqaLog - Selecting Home Check Box...
2025-08-11 14:15:25 [main] INFO  demoqaLog - You have Selected: You have selected :
home
desktop
notes
commands
documents
workspace
react
angular
veu
office
public
private
classified
general
downloads
wordFile
excelFile
2025-08-11 14:15:25 [main] INFO  demoqaLog - Elements | Selecting Home Test Completed...
2025-08-11 14:15:25 [main] INFO  demoqaBase - Closing the Browser...
2025-08-11 14:15:25 [main] INFO  demoqaBase - Starting Web Browser...
2025-08-11 14:15:26 [main] INFO  demoqaBase - Navigating to demoqa.com Website
2025-08-11 14:15:56 [main] WARN  demoqaLog - Navigation failed due to 502 or timeout. Retrying... Attempt 1
2025-08-11 14:16:00 [main] INFO  demoqaLog - Successfully navigated to: https://demoqa.com
2025-08-11 14:16:00 [main] INFO  demoqaLog - Starting Test Elements | Selecting Desktop Check Box Test...
2025-08-11 14:16:00 [main] INFO  demoqaLog - Accessing Elements Card...
2025-08-11 14:16:01 [main] INFO  demoqaLog - Successfully navigated to: https://demoqa.com
2025-08-11 14:16:01 [main] INFO  demoqaLog - Clicking on Elements Card...
2025-08-11 14:16:01 [main] INFO  demoqaLog - Accessing Check Box...
2025-08-11 14:16:01 [main] INFO  demoqaLog - You are accessing: Check Box
2025-08-11 14:16:01 [main] INFO  demoqaLog - Clicking on Home Toggle Button...
2025-08-11 14:16:01 [main] INFO  demoqaLog - Selecting Deskstop Check Box...
2025-08-11 14:16:01 [main] INFO  demoqaLog - You have Selected: You have selected :
desktop
notes
commands
2025-08-11 14:16:01 [main] INFO  demoqaLog - Elements | Home | Desktop Test Completed...
2025-08-11 14:16:01 [main] INFO  demoqaBase - Closing the Browser...
2025-08-11 14:16:02 [main] INFO  demoqaBase - Starting Web Browser...
2025-08-11 14:16:03 [main] INFO  demoqaBase - Navigating to demoqa.com Website
2025-08-11 14:16:26 [main] INFO  demoqaLog - Successfully navigated to: https://demoqa.com
2025-08-11 14:16:26 [main] INFO  demoqaLog - Starting Test Elements | Selecting Desktop| Notes & Commands Check Box Test...
2025-08-11 14:16:26 [main] INFO  demoqaLog - Accessing Elements Card...
2025-08-11 14:16:27 [main] INFO  demoqaLog - Successfully navigated to: https://demoqa.com
2025-08-11 14:16:27 [main] INFO  demoqaLog - Clicking on Elements Card...
2025-08-11 14:16:27 [main] INFO  demoqaLog - Accessing Check Box...
2025-08-11 14:16:27 [main] INFO  demoqaLog - You are accessing: Check Box
2025-08-11 14:16:27 [main] INFO  demoqaLog - Clicking on Home Toggle Button...
2025-08-11 14:16:27 [main] INFO  demoqaLog - Clicking on Desktop Toggle Button...
2025-08-11 14:16:27 [main] INFO  demoqaLog - Clicking on Notes Button...
2025-08-11 14:16:28 [main] INFO  demoqaLog - Clicking on Commands Button...
2025-08-11 14:16:28 [main] INFO  demoqaLog - Selected Notes & Commands...
2025-08-11 14:16:28 [main] INFO  demoqaLog - You have Selected: You have selected :
desktop
notes
commands
2025-08-11 14:16:28 [main] INFO  demoqaLog - Elements | Home | Desktop | Notes & Commands Completed...
2025-08-11 14:16:28 [main] INFO  demoqaBase - Closing the Browser...
2025-08-11 14:16:28 [main] INFO  demoqaBase - Starting Web Browser...
2025-08-11 14:16:29 [main] INFO  demoqaBase - Navigating to demoqa.com Website
2025-08-11 14:16:59 [main] WARN  demoqaLog - Navigation failed due to 502 or timeout. Retrying... Attempt 1
2025-08-11 14:17:03 [main] INFO  demoqaLog - Successfully navigated to: https://demoqa.com
2025-08-11 14:17:03 [main] INFO  demoqaLog - Starting Test Elements | Selecting Documents Check Box Test...
2025-08-11 14:17:03 [main] INFO  demoqaLog - Accessing Elements Card...
2025-08-11 14:17:03 [main] INFO  demoqaLog - Successfully navigated to: https://demoqa.com
2025-08-11 14:17:03 [main] INFO  demoqaLog - Clicking on Elements Card...
2025-08-11 14:17:04 [main] INFO  demoqaLog - Accessing Check Box...
2025-08-11 14:17:04 [main] INFO  demoqaLog - You are accessing: Check Box
2025-08-11 14:17:04 [main] INFO  demoqaLog - Clicking on Home Toggle Button...
2025-08-11 14:17:04 [main] INFO  demoqaLog - Selecting Documents Check Box...
2025-08-11 14:17:04 [main] INFO  demoqaLog - Selected Documents Check Box...
2025-08-11 14:17:04 [main] INFO  demoqaLog - You have Selected: You have selected :
documents
workspace
react
angular
veu
office
public
private
classified
general
2025-08-11 14:17:04 [main] INFO  demoqaLog - Test Elements | Selecting Documents Check Box Test Completed...
2025-08-11 14:17:04 [main] INFO  demoqaBase - Closing the Browser...
2025-08-11 14:17:04 [main] INFO  demoqaBase - Starting Web Browser...
2025-08-11 14:17:05 [main] INFO  demoqaBase - Navigating to demoqa.com Website
2025-08-11 14:17:35 [main] WARN  demoqaLog - Navigation failed due to 502 or timeout. Retrying... Attempt 1
2025-08-11 14:17:39 [main] INFO  demoqaLog - Successfully navigated to: https://demoqa.com
2025-08-11 14:17:39 [main] INFO  demoqaLog - Starting Test Elements | Home | Selecting Documents | WorkSpace Check Box Test...
2025-08-11 14:17:39 [main] INFO  demoqaLog - Accessing Elements Card...
2025-08-11 14:17:40 [main] INFO  demoqaLog - Successfully navigated to: https://demoqa.com
2025-08-11 14:17:40 [main] INFO  demoqaLog - Clicking on Elements Card...
2025-08-11 14:17:40 [main] INFO  demoqaLog - Accessing Check Box...
2025-08-11 14:17:40 [main] INFO  demoqaLog - You are accessing: Check Box
2025-08-11 14:17:40 [main] INFO  demoqaLog - Clicking on Home Toggle Button...
2025-08-11 14:17:40 [main] INFO  demoqaLog - Clicking on Documents Toggle Button...
2025-08-11 14:17:40 [main] INFO  demoqaLog - Selecting WorkSpace Check Box...
2025-08-11 14:17:40 [main] INFO  demoqaLog - Selected WorkSpace Check Box...
2025-08-11 14:17:41 [main] INFO  demoqaLog - You have Selected: You have selected :
workspace
react
angular
veu
2025-08-11 14:17:41 [main] INFO  demoqaLog - Test Elements | Home | Selecting Documents | WorkSpace Check Box Completed...
2025-08-11 14:17:41 [main] INFO  demoqaBase - Closing the Browser...
2025-08-11 14:17:41 [main] INFO  demoqaBase - Starting Web Browser...
2025-08-11 14:17:42 [main] INFO  demoqaBase - Navigating to demoqa.com Website
2025-08-11 14:17:58 [main] INFO  demoqaLog - Successfully navigated to: https://demoqa.com
2025-08-11 14:17:58 [main] INFO  demoqaLog - Starting Test Elements|Home|Selecting Documents|WorkSpace|React Check Box Test...
2025-08-11 14:17:58 [main] INFO  demoqaLog - Accessing Elements Card...
2025-08-11 14:17:58 [main] INFO  demoqaLog - Successfully navigated to: https://demoqa.com
2025-08-11 14:17:58 [main] INFO  demoqaLog - Clicking on Elements Card...
2025-08-11 14:17:59 [main] INFO  demoqaLog - Accessing Check Box...
2025-08-11 14:17:59 [main] INFO  demoqaLog - You are accessing: Check Box
2025-08-11 14:17:59 [main] INFO  demoqaLog - Clicking on Home Toggle Button...
2025-08-11 14:17:59 [main] INFO  demoqaLog - Clicking on Documents Toggle Button...
2025-08-11 14:17:59 [main] INFO  demoqaLog - Clicking WorkSpace Toggle Button...
2025-08-11 14:17:59 [main] INFO  demoqaLog - Clicked WorkSpace Toggle Button...
2025-08-11 14:17:59 [main] INFO  demoqaLog - Selecting WorkSpace | React Check Box...
2025-08-11 14:17:59 [main] INFO  demoqaLog - Selected WorkSpace | React Check Box...
2025-08-11 14:17:59 [main] INFO  demoqaLog - You have Selected: You have selected :
react
2025-08-11 14:17:59 [main] INFO  demoqaLog - Test Elements|Home|Documents| Selecting WorkSpace|React Check Box Completed...
2025-08-11 14:17:59 [main] INFO  demoqaBase - Closing the Browser...
2025-08-11 14:18:00 [main] INFO  demoqaBase - Starting Web Browser...
2025-08-11 14:18:01 [main] INFO  demoqaBase - Navigating to demoqa.com Website
2025-08-11 14:18:31 [main] WARN  demoqaLog - Navigation failed due to 502 or timeout. Retrying... Attempt 1
2025-08-11 14:18:35 [main] INFO  demoqaLog - Successfully navigated to: https://demoqa.com
2025-08-11 14:18:35 [main] INFO  demoqaLog - Starting Test Elements|Home|Selecting Documents|WorkSpace|Angular Check Box Test...
2025-08-11 14:18:35 [main] INFO  demoqaLog - Accessing Elements Card...
2025-08-11 14:18:35 [main] INFO  demoqaLog - Successfully navigated to: https://demoqa.com
2025-08-11 14:18:35 [main] INFO  demoqaLog - Clicking on Elements Card...
2025-08-11 14:18:35 [main] INFO  demoqaLog - Accessing Check Box...
2025-08-11 14:18:36 [main] INFO  demoqaLog - You are accessing: Check Box
2025-08-11 14:18:36 [main] INFO  demoqaLog - Clicking on Home Toggle Button...
2025-08-11 14:18:36 [main] INFO  demoqaLog - Clicking on Documents Toggle Button...
2025-08-11 14:18:36 [main] INFO  demoqaLog - Clicking WorkSpace Toggle Button...
2025-08-11 14:18:36 [main] INFO  demoqaLog - Clicked WorkSpace Toggle Button...
2025-08-11 14:18:36 [main] INFO  demoqaLog - Selecting WorkSpace | Angular Check Box...
2025-08-11 14:18:36 [main] INFO  demoqaLog - Selected WorkSpace | Angular Check Box...
2025-08-11 14:18:36 [main] INFO  demoqaLog - You have Selected: You have selected :
angular
2025-08-11 14:18:36 [main] INFO  demoqaLog - Test Elements|Home|Documents| Selecting WorkSpace|Angular Check Box Completed...
2025-08-11 14:18:36 [main] INFO  demoqaBase - Closing the Browser...
2025-08-11 14:18:37 [main] INFO  demoqaBase - Starting Web Browser...
2025-08-11 14:18:38 [main] INFO  demoqaBase - Navigating to demoqa.com Website
2025-08-11 14:19:08 [main] WARN  demoqaLog - Navigation failed due to 502 or timeout. Retrying... Attempt 1
2025-08-11 14:19:11 [main] INFO  demoqaLog - Successfully navigated to: https://demoqa.com
2025-08-11 14:19:11 [main] INFO  demoqaLog - Starting Test Elements|Home|Selecting Documents|WorkSpace|Veu Check Box Test...
2025-08-11 14:19:11 [main] INFO  demoqaLog - Accessing Elements Card...
2025-08-11 14:19:12 [main] INFO  demoqaLog - Successfully navigated to: https://demoqa.com
2025-08-11 14:19:12 [main] INFO  demoqaLog - Clicking on Elements Card...
2025-08-11 14:19:12 [main] INFO  demoqaLog - Accessing Check Box...
2025-08-11 14:19:12 [main] INFO  demoqaLog - You are accessing: Check Box
2025-08-11 14:19:12 [main] INFO  demoqaLog - Clicking on Home Toggle Button...
2025-08-11 14:19:12 [main] INFO  demoqaLog - Clicking on Documents Toggle Button...
2025-08-11 14:19:12 [main] INFO  demoqaLog - Clicking WorkSpace Toggle Button...
2025-08-11 14:19:13 [main] INFO  demoqaLog - Clicked WorkSpace Toggle Button...
2025-08-11 14:19:13 [main] INFO  demoqaLog - Selecting WorkSpace | Veu Check Box...
2025-08-11 14:19:13 [main] INFO  demoqaLog - Selected WorkSpace | Veu Check Box...
2025-08-11 14:19:13 [main] INFO  demoqaLog - You have Selected: You have selected :
veu
2025-08-11 14:19:13 [main] INFO  demoqaLog - Test Elements|Home|Documents| Selecting WorkSpace|Veu Check Box Completed...
2025-08-11 14:19:13 [main] INFO  demoqaBase - Closing the Browser...
2025-08-11 14:19:13 [main] INFO  demoqaBase - Starting Web Browser...
2025-08-11 14:19:14 [main] INFO  demoqaBase - Navigating to demoqa.com Website
2025-08-11 14:19:44 [main] WARN  demoqaLog - Navigation failed due to 502 or timeout. Retrying... Attempt 1
2025-08-11 14:19:49 [main] INFO  demoqaLog - Successfully navigated to: https://demoqa.com
2025-08-11 14:19:49 [main] INFO  demoqaLog - Starting Test Elements|Home|Selecting Documents|WorkSpace|React-Anuglar-Veu Check Box Test...
2025-08-11 14:19:49 [main] INFO  demoqaLog - Accessing Elements Card...
2025-08-11 14:19:49 [main] INFO  demoqaLog - Successfully navigated to: https://demoqa.com
2025-08-11 14:19:49 [main] INFO  demoqaLog - Clicking on Elements Card...
2025-08-11 14:19:50 [main] INFO  demoqaLog - Accessing Check Box...
2025-08-11 14:19:50 [main] INFO  demoqaLog - You are accessing: Check Box
2025-08-11 14:19:50 [main] INFO  demoqaLog - Clicking on Home Toggle Button...
2025-08-11 14:19:50 [main] INFO  demoqaLog - Clicking on Documents Toggle Button...
2025-08-11 14:19:50 [main] INFO  demoqaLog - Clicking WorkSpace Toggle Button...
2025-08-11 14:19:50 [main] INFO  demoqaLog - Clicked WorkSpace Toggle Button...
2025-08-11 14:19:50 [main] INFO  demoqaLog - Selecting WorkSpace | React Check Box...
2025-08-11 14:19:50 [main] INFO  demoqaLog - Selected WorkSpace | React Check Box...
2025-08-11 14:19:50 [main] INFO  demoqaLog - Selecting WorkSpace | Angular Check Box...
2025-08-11 14:19:50 [main] INFO  demoqaLog - Selected WorkSpace | Angular Check Box...
2025-08-11 14:19:50 [main] INFO  demoqaLog - Selecting WorkSpace | Veu Check Box...
2025-08-11 14:19:51 [main] INFO  demoqaLog - Selected WorkSpace | Veu Check Box...
2025-08-11 14:19:51 [main] INFO  demoqaLog - You have Selected: You have selected :
workspace
react
angular
veu
2025-08-11 14:19:51 [main] INFO  demoqaLog - Test Elements|Home|Documents| Selecting WorkSpace|React-Anuglar-Veu Check Box Completed...
2025-08-11 14:19:51 [main] INFO  demoqaBase - Closing the Browser...
2025-08-11 14:19:51 [main] INFO  demoqaBase - Starting Web Browser...
2025-08-11 14:19:52 [main] INFO  demoqaBase - Navigating to demoqa.com Website
2025-08-11 14:20:22 [main] WARN  demoqaLog - Navigation failed due to 502 or timeout. Retrying... Attempt 1
2025-08-11 14:20:26 [main] INFO  demoqaLog - Successfully navigated to: https://demoqa.com
2025-08-11 14:20:26 [main] INFO  demoqaLog - Starting Test Elements|Home|Selecting Documents|Office Check Box Test...
2025-08-11 14:20:26 [main] INFO  demoqaLog - Accessing Elements Card...
2025-08-11 14:20:27 [main] INFO  demoqaLog - Successfully navigated to: https://demoqa.com
2025-08-11 14:20:27 [main] INFO  demoqaLog - Clicking on Elements Card...
2025-08-11 14:20:27 [main] INFO  demoqaLog - Accessing Check Box...
2025-08-11 14:20:27 [main] INFO  demoqaLog - You are accessing: Check Box
2025-08-11 14:20:27 [main] INFO  demoqaLog - Clicking on Home Toggle Button...
2025-08-11 14:20:27 [main] INFO  demoqaLog - Clicking on Documents Toggle Button...
2025-08-11 14:20:28 [main] INFO  demoqaLog - Selecting WorkSpace Check Box...
2025-08-11 14:20:28 [main] INFO  demoqaLog - Selected WorkSpace Check Box...
2025-08-11 14:20:28 [main] INFO  demoqaLog - You have Selected: You have selected :
office
public
private
classified
general
2025-08-11 14:20:28 [main] INFO  demoqaLog - Test Elements|Home|Selecting Documents|Office Check Box Completed...
2025-08-11 14:20:28 [main] INFO  demoqaBase - Closing the Browser...
2025-08-11 14:20:28 [main] INFO  demoqaBase - Starting Web Browser...
2025-08-11 14:20:29 [main] INFO  demoqaBase - Navigating to demoqa.com Website
2025-08-11 14:20:54 [main] INFO  demoqaLog - Successfully navigated to: https://demoqa.com
2025-08-11 14:20:54 [main] INFO  demoqaLog - Starting Test Elements|Home|Selecting Documents|Office|Public Check Box Test...
2025-08-11 14:20:54 [main] INFO  demoqaLog - Accessing Elements Card...
2025-08-11 14:20:55 [main] INFO  demoqaLog - Successfully navigated to: https://demoqa.com
2025-08-11 14:20:55 [main] INFO  demoqaLog - Clicking on Elements Card...
2025-08-11 14:20:55 [main] INFO  demoqaLog - Accessing Check Box...
2025-08-11 14:20:56 [main] INFO  demoqaLog - You are accessing: Check Box
2025-08-11 14:20:56 [main] INFO  demoqaLog - Clicking on Home Toggle Button...
2025-08-11 14:20:56 [main] INFO  demoqaLog - Clicking on Documents Toggle Button...
2025-08-11 14:20:56 [main] INFO  demoqaLog - Clicking Office Toggle Button...
2025-08-11 14:20:56 [main] INFO  demoqaLog - Clicked Office Toggle Button...
2025-08-11 14:20:56 [main] INFO  demoqaLog - Selecting Office | Public Check Box...
2025-08-11 14:20:57 [main] INFO  demoqaLog - Selected Office | Public Check Box...
2025-08-11 14:20:57 [main] INFO  demoqaLog - You have Selected: You have selected :
public
2025-08-11 14:20:57 [main] INFO  demoqaLog - Test Elements|Home|Documents|Office|Selecting Public Check Box Completed...
2025-08-11 14:20:57 [main] INFO  demoqaBase - Closing the Browser...
2025-08-11 14:20:57 [main] INFO  demoqaBase - Starting Web Browser...
2025-08-11 14:20:58 [main] INFO  demoqaBase - Navigating to demoqa.com Website
2025-08-11 14:21:28 [main] WARN  demoqaLog - Navigation failed due to 502 or timeout. Retrying... Attempt 1
2025-08-11 14:21:32 [main] INFO  demoqaLog - Successfully navigated to: https://demoqa.com
2025-08-11 14:21:32 [main] INFO  demoqaLog - Starting Test Elements|Home|Selecting Documents|Office|Private Check Box Test...
2025-08-11 14:21:32 [main] INFO  demoqaLog - Accessing Elements Card...
2025-08-11 14:21:33 [main] INFO  demoqaLog - Successfully navigated to: https://demoqa.com
2025-08-11 14:21:33 [main] INFO  demoqaLog - Clicking on Elements Card...
2025-08-11 14:21:33 [main] INFO  demoqaLog - Accessing Check Box...
2025-08-11 14:21:34 [main] INFO  demoqaLog - You are accessing: Check Box
2025-08-11 14:21:34 [main] INFO  demoqaLog - Clicking on Home Toggle Button...
2025-08-11 14:21:34 [main] INFO  demoqaLog - Clicking on Documents Toggle Button...
2025-08-11 14:21:34 [main] INFO  demoqaLog - Clicking Office Toggle Button...
2025-08-11 14:21:34 [main] INFO  demoqaLog - Clicked Office Toggle Button...
2025-08-11 14:21:34 [main] INFO  demoqaLog - Selecting Office | Private Check Box...
2025-08-11 14:21:34 [main] INFO  demoqaLog - Selected Office | Private Check Box...
2025-08-11 14:21:34 [main] INFO  demoqaLog - You have Selected: You have selected :
private
2025-08-11 14:21:34 [main] INFO  demoqaLog - Test Elements|Home|Documents|Office|Selecting Private Check Box Completed...
2025-08-11 14:21:34 [main] INFO  demoqaBase - Closing the Browser...
2025-08-11 14:21:35 [main] INFO  demoqaBase - Starting Web Browser...
2025-08-11 14:21:36 [main] INFO  demoqaBase - Navigating to demoqa.com Website
2025-08-11 14:21:37 [main] INFO  demoqaLog - Successfully navigated to: https://demoqa.com
2025-08-11 14:21:37 [main] INFO  demoqaLog - Starting Test Elements|Home|Selecting Documents|Office|Classified Check Box Test...
2025-08-11 14:21:37 [main] INFO  demoqaLog - Accessing Elements Card...
2025-08-11 14:21:37 [main] INFO  demoqaLog - Successfully navigated to: https://demoqa.com
2025-08-11 14:21:37 [main] INFO  demoqaLog - Clicking on Elements Card...
2025-08-11 14:21:37 [main] INFO  demoqaBase - Closing the Browser...
2025-08-11 14:21:38 [main] INFO  demoqaBase - Starting Web Browser...
2025-08-11 14:21:39 [main] INFO  demoqaBase - Navigating to demoqa.com Website
2025-08-11 14:21:40 [main] INFO  demoqaLog - Successfully navigated to: https://demoqa.com
2025-08-11 14:21:40 [main] INFO  demoqaLog - Starting Test Elements|Home|Selecting Documents|Office|General Check Box Test...
2025-08-11 14:21:40 [main] INFO  demoqaLog - Accessing Elements Card...
2025-08-11 14:21:40 [main] INFO  demoqaLog - Successfully navigated to: https://demoqa.com
2025-08-11 14:21:40 [main] INFO  demoqaLog - Clicking on Elements Card...
2025-08-11 14:21:41 [main] INFO  demoqaBase - Closing the Browser...
2025-08-11 14:21:41 [main] INFO  demoqaBase - Starting Web Browser...
2025-08-11 14:21:42 [main] INFO  demoqaBase - Navigating to demoqa.com Website
2025-08-11 14:21:43 [main] INFO  demoqaLog - Successfully navigated to: https://demoqa.com
2025-08-11 14:21:43 [main] INFO  demoqaLog - Starting Test Elements|Home|Selecting Documents|Office|All Check Boxes Test...
2025-08-11 14:21:43 [main] INFO  demoqaLog - Accessing Elements Card...
2025-08-11 14:21:43 [main] INFO  demoqaLog - Successfully navigated to: https://demoqa.com
2025-08-11 14:21:43 [main] INFO  demoqaLog - Clicking on Elements Card...
2025-08-11 14:21:44 [main] INFO  demoqaBase - Closing the Browser...
2025-08-11 14:21:44 [main] INFO  demoqaBase - Starting Web Browser...
2025-08-11 14:21:45 [main] INFO  demoqaBase - Navigating to demoqa.com Website
2025-08-11 14:22:15 [main] WARN  demoqaLog - Navigation failed due to 502 or timeout. Retrying... Attempt 1
2025-08-11 14:22:19 [main] INFO  demoqaLog - Successfully navigated to: https://demoqa.com
2025-08-11 14:22:19 [main] INFO  demoqaLog - Starting Test Elements|Home|Selecting Downloads Check Box Test...
2025-08-11 14:22:19 [main] INFO  demoqaLog - Accessing Elements Card...
2025-08-11 14:22:20 [main] INFO  demoqaLog - Successfully navigated to: https://demoqa.com
2025-08-11 14:22:20 [main] INFO  demoqaLog - Clicking on Elements Card...
2025-08-11 14:22:21 [main] INFO  demoqaLog - Accessing Check Box...
2025-08-11 14:22:21 [main] INFO  demoqaLog - You are accessing: Check Box
2025-08-11 14:22:21 [main] INFO  demoqaLog - Clicking on Home Toggle Button...
2025-08-11 14:22:21 [main] INFO  demoqaLog - Selecting Downloads Check Box...
2025-08-11 14:22:21 [main] INFO  demoqaLog - Selected Downloads Check Box...
2025-08-11 14:22:21 [main] INFO  demoqaLog - You have Selected: You have selected :
downloads
wordFile
excelFile
2025-08-11 14:22:21 [main] INFO  demoqaLog - Test Elements|Home|Selecting Downloads Check Box Completed...
2025-08-11 14:22:21 [main] INFO  demoqaBase - Closing the Browser...
2025-08-11 14:22:22 [main] INFO  demoqaBase - Starting Web Browser...
2025-08-11 14:22:23 [main] INFO  demoqaBase - Navigating to demoqa.com Website
2025-08-11 14:22:53 [main] WARN  demoqaLog - Navigation failed due to 502 or timeout. Retrying... Attempt 1
2025-08-11 14:22:56 [main] INFO  demoqaLog - Successfully navigated to: https://demoqa.com
2025-08-11 14:22:56 [main] INFO  demoqaLog - Starting Test Elements|Home|Selecting Downloads|Word File Check Box Test...
2025-08-11 14:22:56 [main] INFO  demoqaLog - Accessing Elements Card...
2025-08-11 14:22:57 [main] INFO  demoqaLog - Successfully navigated to: https://demoqa.com
2025-08-11 14:22:57 [main] INFO  demoqaLog - Clicking on Elements Card...
2025-08-11 14:22:57 [main] INFO  demoqaLog - Accessing Check Box...
2025-08-11 14:22:58 [main] INFO  demoqaLog - You are accessing: Check Box
2025-08-11 14:22:58 [main] INFO  demoqaLog - Clicking on Home Toggle Button...
2025-08-11 14:22:58 [main] INFO  demoqaLog - Clicking Downloads Toggle Button...
2025-08-11 14:22:58 [main] INFO  demoqaLog - Clicked Downloads Toggle Button...
2025-08-11 14:22:58 [main] INFO  demoqaLog - Selecting Downloads | Word File Check Box...
2025-08-11 14:22:58 [main] INFO  demoqaLog - Selected Downloads | Word File Check Box...
2025-08-11 14:22:58 [main] INFO  demoqaLog - You have Selected: You have selected :
wordFile
2025-08-11 14:22:58 [main] INFO  demoqaLog - Test Elements|Home|Selecting Downloads|Word File Check Box Completed...
2025-08-11 14:22:58 [main] INFO  demoqaBase - Closing the Browser...
2025-08-11 14:22:59 [main] INFO  demoqaBase - Starting Web Browser...
2025-08-11 14:23:00 [main] INFO  demoqaBase - Navigating to demoqa.com Website
2025-08-11 14:23:30 [main] WARN  demoqaLog - Navigation failed due to 502 or timeout. Retrying... Attempt 1
2025-08-11 14:23:33 [main] INFO  demoqaLog - Successfully navigated to: https://demoqa.com
2025-08-11 14:23:33 [main] INFO  demoqaLog - Starting Test Elements|Home|Selecting Downloads|Excel File Check Box Test...
2025-08-11 14:23:33 [main] INFO  demoqaLog - Accessing Elements Card...
2025-08-11 14:23:34 [main] INFO  demoqaLog - Successfully navigated to: https://demoqa.com
2025-08-11 14:23:34 [main] INFO  demoqaLog - Clicking on Elements Card...
2025-08-11 14:23:34 [main] INFO  demoqaLog - Accessing Check Box...
2025-08-11 14:23:35 [main] INFO  demoqaLog - You are accessing: Check Box
2025-08-11 14:23:35 [main] INFO  demoqaLog - Clicking on Home Toggle Button...
2025-08-11 14:23:35 [main] INFO  demoqaLog - Clicking Downloads Toggle Button...
2025-08-11 14:23:35 [main] INFO  demoqaLog - Clicked Downloads Toggle Button...
2025-08-11 14:23:35 [main] INFO  demoqaLog - Selecting Downloads | Excel File Check Box...
2025-08-11 14:23:35 [main] INFO  demoqaLog - Selected Downloads | Excel File Check Box...
2025-08-11 14:23:35 [main] INFO  demoqaLog - You have Selected: You have selected :
excelFile
2025-08-11 14:23:35 [main] INFO  demoqaLog - Test Elements|Home|Selecting Downloads|Excel File Check Box Completed...
2025-08-11 14:23:35 [main] INFO  demoqaBase - Closing the Browser...
2025-08-11 14:23:35 [main] INFO  demoqaBase - Starting Web Browser...
2025-08-11 14:23:36 [main] INFO  demoqaBase - Navigating to demoqa.com Website
2025-08-11 14:24:06 [main] WARN  demoqaLog - Navigation failed due to 502 or timeout. Retrying... Attempt 1
2025-08-11 14:24:10 [main] INFO  demoqaLog - Successfully navigated to: https://demoqa.com
2025-08-11 14:24:10 [main] INFO  demoqaLog - Starting Test Elements|Home|Selecting Downloads|Word & Excel File Check Boxes Test...
2025-08-11 14:24:10 [main] INFO  demoqaLog - Accessing Elements Card...
2025-08-11 14:24:11 [main] INFO  demoqaLog - Successfully navigated to: https://demoqa.com
2025-08-11 14:24:11 [main] INFO  demoqaLog - Clicking on Elements Card...
2025-08-11 14:24:11 [main] INFO  demoqaLog - Accessing Check Box...
2025-08-11 14:24:11 [main] INFO  demoqaLog - You are accessing: Check Box
2025-08-11 14:24:11 [main] INFO  demoqaLog - Clicking on Home Toggle Button...
2025-08-11 14:24:12 [main] INFO  demoqaLog - Clicking Downloads Toggle Button...
2025-08-11 14:24:12 [main] INFO  demoqaLog - Clicked Downloads Toggle Button...
2025-08-11 14:24:12 [main] INFO  demoqaLog - Selecting Downloads | Word File Check Box...
2025-08-11 14:24:12 [main] INFO  demoqaLog - Selected Downloads | Word File Check Box...
2025-08-11 14:24:12 [main] INFO  demoqaLog - Selecting Downloads | Excel File Check Box...
2025-08-11 14:24:12 [main] INFO  demoqaLog - Selected Downloads | Excel File Check Box...
2025-08-11 14:24:12 [main] INFO  demoqaLog - You have Selected: You have selected :
downloads
wordFile
excelFile
2025-08-11 14:24:12 [main] INFO  demoqaLog - Test Elements|Home|Selecting Downloads|Word & Excel File Check Boxes Completed...
2025-08-11 14:24:12 [main] INFO  demoqaBase - Closing the Browser...
2025-08-11 14:24:12 [main] INFO  demoqaBase - Starting Web Browser...
2025-08-11 14:24:14 [main] INFO  demoqaBase - Navigating to demoqa.com Website
2025-08-11 14:24:44 [main] WARN  demoqaLog - Navigation failed due to 502 or timeout. Retrying... Attempt 1
2025-08-11 14:24:48 [main] INFO  demoqaLog - Successfully navigated to: https://demoqa.com
2025-08-11 14:24:48 [main] INFO  demoqaLog - Starting Test Elements|Radio Button Test...
2025-08-11 14:24:48 [main] INFO  demoqaLog - Accessing Elements Card...
2025-08-11 14:24:48 [main] INFO  demoqaLog - Successfully navigated to: https://demoqa.com
2025-08-11 14:24:48 [main] INFO  demoqaLog - Clicking on Elements Card...
2025-08-11 14:24:48 [main] INFO  demoqaLog - Clicking on Radio Button...
2025-08-11 14:24:49 [main] INFO  demoqaLog - Validating Radio Button Click...
2025-08-11 14:24:49 [main] INFO  demoqaLog - Test Elements|Radio Button Completed...
2025-08-11 14:24:49 [main] INFO  demoqaBase - Closing the Browser...
2025-08-11 14:24:49 [main] INFO  demoqaBase - Starting Web Browser...
2025-08-11 14:24:50 [main] INFO  demoqaBase - Navigating to demoqa.com Website
2025-08-11 14:25:20 [main] WARN  demoqaLog - Navigation failed due to 502 or timeout. Retrying... Attempt 1
2025-08-11 14:25:26 [main] INFO  demoqaLog - Successfully navigated to: https://demoqa.com
2025-08-11 14:25:26 [main] INFO  demoqaLog - Starting Test Elements|Yes Radio Button Test...
2025-08-11 14:25:26 [main] INFO  demoqaLog - Accessing Elements Card...
2025-08-11 14:25:26 [main] INFO  demoqaLog - Successfully navigated to: https://demoqa.com
2025-08-11 14:25:26 [main] INFO  demoqaLog - Clicking on Elements Card...
2025-08-11 14:25:27 [main] INFO  demoqaLog - Clicking on Radio Button...
2025-08-11 14:25:27 [main] INFO  demoqaLog - Selecting on Yes Radio Button...
2025-08-11 14:25:27 [main] INFO  demoqaLog - Validating Radio Selection Test Result...
2025-08-11 14:25:27 [main] INFO  demoqaLog - You have selected: Yes
2025-08-11 14:25:27 [main] INFO  demoqaLog - Test Case of Radio Button Selection PASSED...
2025-08-11 14:25:27 [main] INFO  demoqaLog - Test Elements|Yes Radio Button Completed...
2025-08-11 14:25:27 [main] INFO  demoqaBase - Closing the Browser...
2025-08-11 14:25:27 [main] INFO  demoqaBase - Starting Web Browser...
2025-08-11 14:25:29 [main] INFO  demoqaBase - Navigating to demoqa.com Website
2025-08-11 14:25:59 [main] WARN  demoqaLog - Navigation failed due to 502 or timeout. Retrying... Attempt 1
2025-08-11 14:26:02 [main] INFO  demoqaLog - Successfully navigated to: https://demoqa.com
2025-08-11 14:26:02 [main] INFO  demoqaLog - Starting Test Elements|Yes Radio Button Test...
2025-08-11 14:26:02 [main] INFO  demoqaLog - Accessing Elements Card...
2025-08-11 14:26:03 [main] INFO  demoqaLog - Successfully navigated to: https://demoqa.com
2025-08-11 14:26:03 [main] INFO  demoqaLog - Clicking on Elements Card...
2025-08-11 14:26:03 [main] INFO  demoqaLog - Clicking on Radio Button...
2025-08-11 14:26:03 [main] INFO  demoqaLog - Selecting on Impressive Radio Button...
2025-08-11 14:26:04 [main] INFO  demoqaLog - Validating Radio Selection Test Result...
2025-08-11 14:26:04 [main] INFO  demoqaLog - You have selected: Impressive
2025-08-11 14:26:04 [main] INFO  demoqaLog - Test Case of Radio Button Selection PASSED...
2025-08-11 14:26:04 [main] INFO  demoqaLog - Test Elements|Radio Button|Impressive Completed...
2025-08-11 14:26:04 [main] INFO  demoqaBase - Closing the Browser...
2025-08-11 14:26:04 [main] INFO  demoqaBase - Starting Web Browser...
2025-08-11 14:26:05 [main] INFO  demoqaBase - Navigating to demoqa.com Website
2025-08-11 14:26:35 [main] WARN  demoqaLog - Navigation failed due to 502 or timeout. Retrying... Attempt 1
2025-08-11 14:26:39 [main] INFO  demoqaLog - Successfully navigated to: https://demoqa.com
2025-08-11 14:26:39 [main] INFO  demoqaLog - Starting Test Elements|Web Tables Test...
2025-08-11 14:26:39 [main] INFO  demoqaLog - Accessing Elements Card...
2025-08-11 14:26:40 [main] INFO  demoqaLog - Successfully navigated to: https://demoqa.com
2025-08-11 14:26:40 [main] INFO  demoqaLog - Clicking on Elements Card...
2025-08-11 14:26:40 [main] INFO  demoqaLog - Click on Elements|Web Tables...
2025-08-11 14:26:40 [main] INFO  demoqaLog - Test Elements|Web Tables Completed...
2025-08-11 14:26:40 [main] INFO  demoqaBase - Closing the Browser...
2025-08-11 14:26:41 [main] INFO  demoqaBase - Starting Web Browser...
2025-08-11 14:26:43 [main] INFO  demoqaBase - Navigating to demoqa.com Website
2025-08-11 14:27:13 [main] WARN  demoqaLog - Navigation failed due to 502 or timeout. Retrying... Attempt 1
2025-08-11 14:27:16 [main] INFO  demoqaLog - Successfully navigated to: https://demoqa.com
2025-08-11 14:27:16 [main] INFO  demoqaLog - Starting Test Elements|Web Tables|Registration Form Create User...
2025-08-11 14:27:16 [main] INFO  demoqaLog - Accessing Elements Card...
2025-08-11 14:27:17 [main] INFO  demoqaLog - Successfully navigated to: https://demoqa.com
2025-08-11 14:27:17 [main] INFO  demoqaLog - Clicking on Elements Card...
2025-08-11 14:27:17 [main] INFO  demoqaLog - Click on Elements|Web Tables...
2025-08-11 14:27:18 [main] INFO  demoqaLog - Click on Elements|Web Tables|Registration Form...
2025-08-11 14:27:18 [main] ERROR demoqaLog - Registering User: Johny
2025-08-11 14:27:18 [main] INFO  demoqaLog - Click on Elements|Web Tables|Registration Form|FirstName...
2025-08-11 14:27:18 [main] INFO  demoqaLog - First Name entered is: Johny
2025-08-11 14:27:18 [main] INFO  demoqaLog - Click on Elements|Web Tables|Registration Form|LastName...
2025-08-11 14:27:19 [main] INFO  demoqaLog - Last Name entered is: Bravo
2025-08-11 14:27:19 [main] INFO  demoqaLog - Click on Elements|Web Tables|Registration Form|Email...
2025-08-11 14:27:19 [main] INFO  demoqaLog - Email entered is: Jbravo@demoqa.com
2025-08-11 14:27:19 [main] INFO  demoqaLog - Click on Elements|Web Tables|Registration Form|Age...
2025-08-11 14:27:20 [main] INFO  demoqaLog - Age entered is: 34
2025-08-11 14:27:20 [main] INFO  demoqaLog - Click on Elements|Web Tables|Registration Form|Salary...
2025-08-11 14:27:20 [main] INFO  demoqaLog - Salary entered is: 280000
2025-08-11 14:27:20 [main] INFO  demoqaLog - Click on Elements|Web Tables|Registration Form|Department...
2025-08-11 14:27:20 [main] INFO  demoqaLog - Department entered is: Information Technology
2025-08-11 14:27:20 [main] INFO  demoqaLog - Submitting Registration Form...
2025-08-11 14:27:20 [main] INFO  demoqaLog - Registration Form Submitted...
2025-08-11 14:27:20 [main] ERROR demoqaLog - Submitted to register user: Johny
2025-08-11 14:27:21 [main] INFO  demoqaLog - Test Elements|Web Tables|Registration Form Create User Completed...
2025-08-11 14:27:21 [main] INFO  demoqaBase - Closing the Browser...
2025-08-11 14:27:21 [main] INFO  demoqaBase - Starting Web Browser...
2025-08-11 14:27:22 [main] INFO  demoqaBase - Navigating to demoqa.com Website
2025-08-11 14:27:52 [main] WARN  demoqaLog - Navigation failed due to 502 or timeout. Retrying... Attempt 1
2025-08-11 14:27:56 [main] INFO  demoqaLog - Successfully navigated to: https://demoqa.com
2025-08-11 14:27:56 [main] INFO  demoqaLog - Starting Test Elements|Web Tables|Registration Form Create User...
2025-08-11 14:27:56 [main] INFO  demoqaLog - Accessing Elements Card...
2025-08-11 14:27:57 [main] INFO  demoqaLog - Successfully navigated to: https://demoqa.com
2025-08-11 14:27:57 [main] INFO  demoqaLog - Clicking on Elements Card...
2025-08-11 14:27:57 [main] INFO  demoqaLog - Click on Elements|Web Tables...
2025-08-11 14:27:57 [main] INFO  demoqaLog - Click on Elements|Web Tables|Registration Form...
2025-08-11 14:27:57 [main] ERROR demoqaLog - Registering User: Gene
2025-08-11 14:27:57 [main] INFO  demoqaLog - Click on Elements|Web Tables|Registration Form|FirstName...
2025-08-11 14:27:58 [main] INFO  demoqaLog - First Name entered is: Gene
2025-08-11 14:27:58 [main] INFO  demoqaLog - Click on Elements|Web Tables|Registration Form|LastName...
2025-08-11 14:27:58 [main] INFO  demoqaLog - Last Name entered is: Femina
2025-08-11 14:27:58 [main] INFO  demoqaLog - Click on Elements|Web Tables|Registration Form|Email...
2025-08-11 14:27:59 [main] INFO  demoqaLog - Email entered is: GFemina@demoqa.com
2025-08-11 14:27:59 [main] INFO  demoqaLog - Click on Elements|Web Tables|Registration Form|Age...
2025-08-11 14:27:59 [main] INFO  demoqaLog - Age entered is: 30
2025-08-11 14:27:59 [main] INFO  demoqaLog - Click on Elements|Web Tables|Registration Form|Salary...
2025-08-11 14:27:59 [main] INFO  demoqaLog - Salary entered is: 180000
2025-08-11 14:27:59 [main] INFO  demoqaLog - Click on Elements|Web Tables|Registration Form|Department...
2025-08-11 14:28:00 [main] INFO  demoqaLog - Department entered is: Finance
2025-08-11 14:28:00 [main] INFO  demoqaLog - Submitting Registration Form...
2025-08-11 14:28:00 [main] INFO  demoqaLog - Registration Form Submitted...
2025-08-11 14:28:00 [main] ERROR demoqaLog - Submitted to register user: Gene
2025-08-11 14:28:00 [main] INFO  demoqaLog - Test Elements|Web Tables|Registration Form Create User Completed...
2025-08-11 14:28:00 [main] INFO  demoqaBase - Closing the Browser...
2025-08-11 14:28:00 [main] INFO  demoqaBase - Starting Web Browser...
2025-08-11 14:28:02 [main] INFO  demoqaBase - Navigating to demoqa.com Website
2025-08-11 14:28:32 [main] WARN  demoqaLog - Navigation failed due to 502 or timeout. Retrying... Attempt 1
2025-08-11 14:28:36 [main] INFO  demoqaLog - Successfully navigated to: https://demoqa.com
2025-08-11 14:28:36 [main] INFO  demoqaLog - Starting Test Elements|Web Tables|Registration Form Create User...
2025-08-11 14:28:36 [main] INFO  demoqaLog - Accessing Elements Card...
2025-08-11 14:28:36 [main] INFO  demoqaLog - Successfully navigated to: https://demoqa.com
2025-08-11 14:28:36 [main] INFO  demoqaLog - Clicking on Elements Card...
2025-08-11 14:28:36 [main] INFO  demoqaLog - Click on Elements|Web Tables...
2025-08-11 14:28:37 [main] INFO  demoqaLog - Click on Elements|Web Tables|Registration Form...
2025-08-11 14:28:37 [main] ERROR demoqaLog - Registering User: Bud
2025-08-11 14:28:37 [main] INFO  demoqaLog - Click on Elements|Web Tables|Registration Form|FirstName...
2025-08-11 14:28:38 [main] INFO  demoqaLog - First Name entered is: Bud
2025-08-11 14:28:38 [main] INFO  demoqaLog - Click on Elements|Web Tables|Registration Form|LastName...
2025-08-11 14:28:38 [main] INFO  demoqaLog - Last Name entered is: Wisem
2025-08-11 14:28:38 [main] INFO  demoqaLog - Click on Elements|Web Tables|Registration Form|Email...
2025-08-11 14:28:39 [main] INFO  demoqaLog - Email entered is: BWisem@demoqa.com
2025-08-11 14:28:39 [main] INFO  demoqaLog - Click on Elements|Web Tables|Registration Form|Age...
2025-08-11 14:28:39 [main] INFO  demoqaLog - Age entered is: 40
2025-08-11 14:28:39 [main] INFO  demoqaLog - Click on Elements|Web Tables|Registration Form|Salary...
2025-08-11 14:28:39 [main] INFO  demoqaLog - Salary entered is: 150000
2025-08-11 14:28:39 [main] INFO  demoqaLog - Click on Elements|Web Tables|Registration Form|Department...
2025-08-11 14:28:40 [main] INFO  demoqaLog - Department entered is: Medicine
2025-08-11 14:28:40 [main] INFO  demoqaLog - Submitting Registration Form...
2025-08-11 14:28:40 [main] INFO  demoqaLog - Registration Form Submitted...
2025-08-11 14:28:40 [main] ERROR demoqaLog - Submitted to register user: Bud
2025-08-11 14:28:40 [main] INFO  demoqaLog - Test Elements|Web Tables|Registration Form Create User Completed...
2025-08-11 14:28:40 [main] INFO  demoqaBase - Closing the Browser...
2025-08-11 14:28:41 [main] INFO  demoqaBase - Starting Web Browser...
2025-08-11 14:28:42 [main] INFO  demoqaBase - Navigating to demoqa.com Website
2025-08-11 14:29:12 [main] WARN  demoqaLog - Navigation failed due to 502 or timeout. Retrying... Attempt 1
2025-08-11 14:29:16 [main] INFO  demoqaLog - Successfully navigated to: https://demoqa.com
2025-08-11 14:29:16 [main] INFO  demoqaLog - Starting Test Elements|Web Tables|Registration Form Create User...
2025-08-11 14:29:16 [main] INFO  demoqaLog - Accessing Elements Card...
2025-08-11 14:29:16 [main] INFO  demoqaLog - Successfully navigated to: https://demoqa.com
2025-08-11 14:29:16 [main] INFO  demoqaLog - Clicking on Elements Card...
2025-08-11 14:29:16 [main] INFO  demoqaLog - Click on Elements|Web Tables...
2025-08-11 14:29:17 [main] INFO  demoqaLog - Click on Elements|Web Tables|Registration Form...
2025-08-11 14:29:17 [main] ERROR demoqaLog - Registering User: Tom
2025-08-11 14:29:17 [main] INFO  demoqaLog - Click on Elements|Web Tables|Registration Form|FirstName...
2025-08-11 14:29:17 [main] INFO  demoqaLog - First Name entered is: Tom
2025-08-11 14:29:17 [main] INFO  demoqaLog - Click on Elements|Web Tables|Registration Form|LastName...
2025-08-11 14:29:17 [main] INFO  demoqaLog - Last Name entered is: Boss
2025-08-11 14:29:17 [main] INFO  demoqaLog - Click on Elements|Web Tables|Registration Form|Email...
2025-08-11 14:29:18 [main] INFO  demoqaLog - Email entered is: TBoss@demoqa.com
2025-08-11 14:29:18 [main] INFO  demoqaLog - Click on Elements|Web Tables|Registration Form|Age...
2025-08-11 14:29:18 [main] INFO  demoqaLog - Age entered is: 42
2025-08-11 14:29:18 [main] INFO  demoqaLog - Click on Elements|Web Tables|Registration Form|Salary...
2025-08-11 14:29:18 [main] INFO  demoqaLog - Salary entered is: 190000
2025-08-11 14:29:18 [main] INFO  demoqaLog - Click on Elements|Web Tables|Registration Form|Department...
2025-08-11 14:29:19 [main] INFO  demoqaLog - Department entered is: Recreation
2025-08-11 14:29:19 [main] INFO  demoqaLog - Submitting Registration Form...
2025-08-11 14:29:19 [main] INFO  demoqaLog - Registration Form Submitted...
2025-08-11 14:29:19 [main] ERROR demoqaLog - Submitted to register user: Tom
2025-08-11 14:29:19 [main] INFO  demoqaLog - Test Elements|Web Tables|Registration Form Create User Completed...
2025-08-11 14:29:19 [main] INFO  demoqaBase - Closing the Browser...
2025-08-11 14:29:20 [main] INFO  demoqaBase - Starting Web Browser...
2025-08-11 14:29:21 [main] INFO  demoqaBase - Navigating to demoqa.com Website
2025-08-11 14:29:51 [main] WARN  demoqaLog - Navigation failed due to 502 or timeout. Retrying... Attempt 1
2025-08-11 14:29:54 [main] INFO  demoqaLog - Successfully navigated to: https://demoqa.com
2025-08-11 14:29:54 [main] INFO  demoqaLog - Starting Test Registration Form Add & Search...
2025-08-11 14:29:54 [main] INFO  demoqaLog - Accessing Elements Card...
2025-08-11 14:29:55 [main] INFO  demoqaLog - Successfully navigated to: https://demoqa.com
2025-08-11 14:29:55 [main] INFO  demoqaLog - Clicking on Elements Card...
2025-08-11 14:29:56 [main] INFO  demoqaLog - Click on Elements|Web Tables...
2025-08-11 14:29:56 [main] INFO  demoqaLog - Click on Elements|Web Tables|Registration Form...
2025-08-11 14:29:56 [main] ERROR demoqaLog - Registering User: Johny
2025-08-11 14:29:56 [main] INFO  demoqaLog - Click on Elements|Web Tables|Registration Form|FirstName...
2025-08-11 14:29:57 [main] INFO  demoqaLog - First Name entered is: Johny
2025-08-11 14:29:57 [main] INFO  demoqaLog - Click on Elements|Web Tables|Registration Form|LastName...
2025-08-11 14:29:57 [main] INFO  demoqaLog - Last Name entered is: Bravo
2025-08-11 14:29:57 [main] INFO  demoqaLog - Click on Elements|Web Tables|Registration Form|Email...
2025-08-11 14:29:57 [main] INFO  demoqaLog - Email entered is: Jbravo@demoqa.com
2025-08-11 14:29:57 [main] INFO  demoqaLog - Click on Elements|Web Tables|Registration Form|Age...
2025-08-11 14:29:58 [main] INFO  demoqaLog - Age entered is: 34
2025-08-11 14:29:58 [main] INFO  demoqaLog - Click on Elements|Web Tables|Registration Form|Salary...
2025-08-11 14:29:58 [main] INFO  demoqaLog - Salary entered is: 280000
2025-08-11 14:29:58 [main] INFO  demoqaLog - Click on Elements|Web Tables|Registration Form|Department...
2025-08-11 14:29:58 [main] INFO  demoqaLog - Department entered is: Information Technology
2025-08-11 14:29:59 [main] INFO  demoqaLog - Submitting Registration Form...
2025-08-11 14:29:59 [main] INFO  demoqaLog - Registration Form Submitted...
2025-08-11 14:29:59 [main] ERROR demoqaLog - Submitted to register user: Johny
2025-08-11 14:29:59 [main] INFO  demoqaLog - Searching by First Name...
2025-08-11 14:29:59 [main] INFO  demoqaLog - Test for Registration Form Add & Search Completed...
2025-08-11 14:29:59 [main] INFO  demoqaBase - Closing the Browser...
2025-08-11 14:30:00 [main] INFO  demoqaBase - Starting Web Browser...
2025-08-11 14:30:01 [main] INFO  demoqaBase - Navigating to demoqa.com Website
2025-08-11 14:30:31 [main] WARN  demoqaLog - Navigation failed due to 502 or timeout. Retrying... Attempt 1
2025-08-11 14:30:34 [main] INFO  demoqaLog - Successfully navigated to: https://demoqa.com
2025-08-11 14:30:34 [main] INFO  demoqaLog - Starting Test Registration Form Modify First Name...
2025-08-11 14:30:34 [main] INFO  demoqaLog - Accessing Elements Card...
2025-08-11 14:30:35 [main] INFO  demoqaLog - Successfully navigated to: https://demoqa.com
2025-08-11 14:30:35 [main] INFO  demoqaLog - Clicking on Elements Card...
2025-08-11 14:30:35 [main] INFO  demoqaLog - Click on Elements|Web Tables...
2025-08-11 14:30:36 [main] INFO  demoqaLog - Click on Elements|Web Tables|Registration Form...
2025-08-11 14:30:36 [main] ERROR demoqaLog - Registering User: Johny
2025-08-11 14:30:36 [main] INFO  demoqaLog - Click on Elements|Web Tables|Registration Form|FirstName...
2025-08-11 14:30:37 [main] INFO  demoqaLog - First Name entered is: Johny
2025-08-11 14:30:37 [main] INFO  demoqaLog - Click on Elements|Web Tables|Registration Form|LastName...
2025-08-11 14:30:37 [main] INFO  demoqaLog - Last Name entered is: Bravo
2025-08-11 14:30:37 [main] INFO  demoqaLog - Click on Elements|Web Tables|Registration Form|Email...
2025-08-11 14:30:38 [main] INFO  demoqaLog - Email entered is: Jbravo@demoqa.com
2025-08-11 14:30:38 [main] INFO  demoqaLog - Click on Elements|Web Tables|Registration Form|Age...
2025-08-11 14:30:38 [main] INFO  demoqaLog - Age entered is: 34
2025-08-11 14:30:38 [main] INFO  demoqaLog - Click on Elements|Web Tables|Registration Form|Salary...
2025-08-11 14:30:39 [main] INFO  demoqaLog - Salary entered is: 280000
2025-08-11 14:30:39 [main] INFO  demoqaLog - Click on Elements|Web Tables|Registration Form|Department...
2025-08-11 14:30:39 [main] INFO  demoqaLog - Department entered is: Information Technology
2025-08-11 14:30:39 [main] INFO  demoqaLog - Submitting Registration Form...
2025-08-11 14:30:39 [main] INFO  demoqaLog - Registration Form Submitted...
2025-08-11 14:30:39 [main] ERROR demoqaLog - Submitted to register user: Johny
2025-08-11 14:30:40 [main] INFO  demoqaLog - Modifying First Name of the user...
2025-08-11 14:30:41 [main] INFO  demoqaLog - Updated First Name is: Tonny
2025-08-11 14:30:41 [main] INFO  demoqaLog - Test Registration Form Modify First Name Completed Successfully...
2025-08-11 14:30:41 [main] INFO  demoqaBase - Closing the Browser...
2025-08-11 14:30:42 [main] INFO  demoqaBase - Starting Web Browser...
2025-08-11 14:30:43 [main] INFO  demoqaBase - Navigating to demoqa.com Website
2025-08-11 14:30:44 [main] INFO  demoqaLog - Successfully navigated to: https://demoqa.com
2025-08-11 14:30:44 [main] INFO  demoqaLog - Starting Test Registration Form Search & Modify First Name...
2025-08-11 14:30:44 [main] INFO  demoqaLog - Accessing Elements Card...
2025-08-11 14:30:45 [main] INFO  demoqaLog - Successfully navigated to: https://demoqa.com
2025-08-11 14:30:45 [main] INFO  demoqaLog - Clicking on Elements Card...
2025-08-11 14:30:45 [main] INFO  demoqaBase - Closing the Browser...
2025-08-11 14:30:45 [main] INFO  demoqaBase - Starting Web Browser...
2025-08-11 14:30:46 [main] INFO  demoqaBase - Navigating to demoqa.com Website
2025-08-11 14:31:16 [main] WARN  demoqaLog - Navigation failed due to 502 or timeout. Retrying... Attempt 1
2025-08-11 14:31:20 [main] INFO  demoqaLog - Successfully navigated to: https://demoqa.com
2025-08-11 14:31:20 [main] INFO  demoqaLog - Starting Test for Deleting User from Web Table...
2025-08-11 14:31:20 [main] INFO  demoqaLog - Accessing Elements Card...
2025-08-11 14:31:21 [main] INFO  demoqaLog - Successfully navigated to: https://demoqa.com
2025-08-11 14:31:21 [main] INFO  demoqaLog - Clicking on Elements Card...
2025-08-11 14:31:21 [main] INFO  demoqaLog - Click on Elements|Web Tables...
2025-08-11 14:31:21 [main] INFO  demoqaLog - Click on Elements|Web Tables|Registration Form...
2025-08-11 14:31:21 [main] ERROR demoqaLog - Registering User: Johny
2025-08-11 14:31:21 [main] INFO  demoqaLog - Click on Elements|Web Tables|Registration Form|FirstName...
2025-08-11 14:31:22 [main] INFO  demoqaLog - First Name entered is: Johny
2025-08-11 14:31:22 [main] INFO  demoqaLog - Click on Elements|Web Tables|Registration Form|LastName...
2025-08-11 14:31:23 [main] INFO  demoqaLog - Last Name entered is: Bravo
2025-08-11 14:31:23 [main] INFO  demoqaLog - Click on Elements|Web Tables|Registration Form|Email...
2025-08-11 14:31:23 [main] INFO  demoqaLog - Email entered is: Jbravo@demoqa.com
2025-08-11 14:31:23 [main] INFO  demoqaLog - Click on Elements|Web Tables|Registration Form|Age...
2025-08-11 14:31:23 [main] INFO  demoqaLog - Age entered is: 34
2025-08-11 14:31:23 [main] INFO  demoqaLog - Click on Elements|Web Tables|Registration Form|Salary...
2025-08-11 14:31:24 [main] INFO  demoqaLog - Salary entered is: 280000
2025-08-11 14:31:24 [main] INFO  demoqaLog - Click on Elements|Web Tables|Registration Form|Department...
2025-08-11 14:31:24 [main] INFO  demoqaLog - Department entered is: Information Technology
2025-08-11 14:31:24 [main] INFO  demoqaLog - Submitting Registration Form...
2025-08-11 14:31:24 [main] INFO  demoqaLog - Registration Form Submitted...
2025-08-11 14:31:24 [main] ERROR demoqaLog - Submitted to register user: Johny
2025-08-11 14:31:24 [main] INFO  demoqaLog - Deleting User from Webtable: Johny
2025-08-11 14:31:25 [main] INFO  demoqaLog - Test for Deleting User from Web Table Completed Successfully...
2025-08-11 14:31:25 [main] INFO  demoqaBase - Closing the Browser...
2025-08-11 14:31:25 [main] INFO  demoqaBase - Starting Web Browser...
2025-08-11 14:31:26 [main] INFO  demoqaBase - Navigating to demoqa.com Website
2025-08-11 14:31:56 [main] WARN  demoqaLog - Navigation failed due to 502 or timeout. Retrying... Attempt 1
2025-08-11 14:32:00 [main] INFO  demoqaLog - Successfully navigated to: https://demoqa.com
2025-08-11 14:32:00 [main] INFO  demoqaLog - Accessing Elements Card...
2025-08-11 14:32:00 [main] INFO  demoqaLog - Successfully navigated to: https://demoqa.com
2025-08-11 14:32:00 [main] INFO  demoqaLog - Clicking on Elements Card...
2025-08-11 14:32:01 [main] INFO  demoqaLog - Click on Elements|Web Tables...
2025-08-11 14:32:01 [main] INFO  demoqaLog - Click on Elements|Web Tables|Registration Form...
2025-08-11 14:32:01 [main] ERROR demoqaLog - Registering User: Johny
2025-08-11 14:32:01 [main] INFO  demoqaLog - Click on Elements|Web Tables|Registration Form|FirstName...
2025-08-11 14:32:02 [main] INFO  demoqaLog - First Name entered is: Johny
2025-08-11 14:32:02 [main] INFO  demoqaLog - Click on Elements|Web Tables|Registration Form|LastName...
2025-08-11 14:32:02 [main] INFO  demoqaLog - Last Name entered is: Bravo
2025-08-11 14:32:02 [main] INFO  demoqaLog - Click on Elements|Web Tables|Registration Form|Email...
2025-08-11 14:32:03 [main] INFO  demoqaLog - Email entered is: Jbravo@demoqa.com
2025-08-11 14:32:03 [main] INFO  demoqaLog - Click on Elements|Web Tables|Registration Form|Age...
2025-08-11 14:32:03 [main] INFO  demoqaLog - Age entered is: 34
2025-08-11 14:32:03 [main] INFO  demoqaLog - Click on Elements|Web Tables|Registration Form|Salary...
2025-08-11 14:32:04 [main] INFO  demoqaLog - Salary entered is: 280000
2025-08-11 14:32:04 [main] INFO  demoqaLog - Click on Elements|Web Tables|Registration Form|Department...
2025-08-11 14:32:04 [main] INFO  demoqaLog - Department entered is: Information Technology
2025-08-11 14:32:04 [main] INFO  demoqaLog - Submitting Registration Form...
2025-08-11 14:32:05 [main] INFO  demoqaLog - Registration Form Submitted...
2025-08-11 14:32:05 [main] ERROR demoqaLog - Submitted to register user: Johny
2025-08-11 14:32:05 [main] INFO  demoqaLog - Click on Elements|Web Tables|Registration Form...
2025-08-11 14:32:05 [main] ERROR demoqaLog - Registering User: Gene
2025-08-11 14:32:05 [main] INFO  demoqaLog - Click on Elements|Web Tables|Registration Form|FirstName...
2025-08-11 14:32:05 [main] INFO  demoqaLog - First Name entered is: Gene
2025-08-11 14:32:05 [main] INFO  demoqaLog - Click on Elements|Web Tables|Registration Form|LastName...
2025-08-11 14:32:05 [main] INFO  demoqaLog - Last Name entered is: Femina
2025-08-11 14:32:05 [main] INFO  demoqaLog - Click on Elements|Web Tables|Registration Form|Email...
2025-08-11 14:32:06 [main] INFO  demoqaLog - Email entered is: GFemina@demoqa.com
2025-08-11 14:32:06 [main] INFO  demoqaLog - Click on Elements|Web Tables|Registration Form|Age...
2025-08-11 14:32:07 [main] INFO  demoqaLog - Age entered is: 30
2025-08-11 14:32:07 [main] INFO  demoqaLog - Click on Elements|Web Tables|Registration Form|Salary...
2025-08-11 14:32:07 [main] INFO  demoqaLog - Salary entered is: 180000
2025-08-11 14:32:07 [main] INFO  demoqaLog - Click on Elements|Web Tables|Registration Form|Department...
2025-08-11 14:32:07 [main] INFO  demoqaLog - Department entered is: Finance
2025-08-11 14:32:08 [main] INFO  demoqaLog - Submitting Registration Form...
2025-08-11 14:32:08 [main] INFO  demoqaLog - Registration Form Submitted...
2025-08-11 14:32:08 [main] ERROR demoqaLog - Submitted to register user: Gene
2025-08-11 14:32:08 [main] INFO  demoqaLog - Click on Elements|Web Tables|Registration Form...
2025-08-11 14:32:08 [main] ERROR demoqaLog - Registering User: Bud
2025-08-11 14:32:08 [main] INFO  demoqaLog - Click on Elements|Web Tables|Registration Form|FirstName...
2025-08-11 14:32:08 [main] INFO  demoqaLog - First Name entered is: Bud
2025-08-11 14:32:08 [main] INFO  demoqaLog - Click on Elements|Web Tables|Registration Form|LastName...
2025-08-11 14:32:09 [main] INFO  demoqaLog - Last Name entered is: Wisem
2025-08-11 14:32:09 [main] INFO  demoqaLog - Click on Elements|Web Tables|Registration Form|Email...
2025-08-11 14:32:09 [main] INFO  demoqaLog - Email entered is: BWisem@demoqa.com
2025-08-11 14:32:09 [main] INFO  demoqaLog - Click on Elements|Web Tables|Registration Form|Age...
2025-08-11 14:32:09 [main] INFO  demoqaLog - Age entered is: 40
2025-08-11 14:32:09 [main] INFO  demoqaLog - Click on Elements|Web Tables|Registration Form|Salary...
2025-08-11 14:32:10 [main] INFO  demoqaLog - Salary entered is: 150000
2025-08-11 14:32:10 [main] INFO  demoqaLog - Click on Elements|Web Tables|Registration Form|Department...
2025-08-11 14:32:10 [main] INFO  demoqaLog - Department entered is: Medicine
2025-08-11 14:32:10 [main] INFO  demoqaLog - Submitting Registration Form...
2025-08-11 14:32:10 [main] INFO  demoqaLog - Registration Form Submitted...
2025-08-11 14:32:10 [main] ERROR demoqaLog - Submitted to register user: Bud
2025-08-11 14:32:10 [main] INFO  demoqaLog - Click on Elements|Web Tables|Registration Form...
2025-08-11 14:32:10 [main] ERROR demoqaLog - Registering User: Tom
2025-08-11 14:32:10 [main] INFO  demoqaLog - Click on Elements|Web Tables|Registration Form|FirstName...
2025-08-11 14:32:11 [main] INFO  demoqaLog - First Name entered is: Tom
2025-08-11 14:32:11 [main] INFO  demoqaLog - Click on Elements|Web Tables|Registration Form|LastName...
2025-08-11 14:32:11 [main] INFO  demoqaLog - Last Name entered is: Boss
2025-08-11 14:32:11 [main] INFO  demoqaLog - Click on Elements|Web Tables|Registration Form|Email...
2025-08-11 14:32:11 [main] INFO  demoqaLog - Email entered is: TBoss@demoqa.com
2025-08-11 14:32:11 [main] INFO  demoqaLog - Click on Elements|Web Tables|Registration Form|Age...
2025-08-11 14:32:11 [main] INFO  demoqaLog - Age entered is: 42
2025-08-11 14:32:11 [main] INFO  demoqaLog - Click on Elements|Web Tables|Registration Form|Salary...
2025-08-11 14:32:11 [main] INFO  demoqaLog - Salary entered is: 190000
2025-08-11 14:32:11 [main] INFO  demoqaLog - Click on Elements|Web Tables|Registration Form|Department...
2025-08-11 14:32:12 [main] INFO  demoqaLog - Department entered is: Recreation
2025-08-11 14:32:12 [main] INFO  demoqaLog - Submitting Registration Form...
2025-08-11 14:32:12 [main] INFO  demoqaLog - Registration Form Submitted...
2025-08-11 14:32:12 [main] ERROR demoqaLog - Submitted to register user: Tom
2025-08-11 14:32:12 [main] INFO  demoqaLog - Click on Elements|Web Tables|Registration Form...
2025-08-11 14:32:12 [main] INFO  demoqaLog - Test for Bulk User Creation in Web Table Completed Successfully...
2025-08-11 14:32:12 [main] INFO  demoqaBase - Closing the Browser...
2025-08-11 14:32:13 [main] INFO  demoqaBase - Starting Web Browser...
2025-08-11 14:32:14 [main] INFO  demoqaBase - Navigating to demoqa.com Website
2025-08-11 14:32:44 [main] WARN  demoqaLog - Navigation failed due to 502 or timeout. Retrying... Attempt 1
2025-08-11 14:32:47 [main] INFO  demoqaLog - Successfully navigated to: https://demoqa.com
2025-08-11 14:32:47 [main] INFO  demoqaLog - Starting Form Card Test...
2025-08-11 14:32:47 [main] INFO  demoqaLog - Clicking on Form Card...
2025-08-11 14:32:48 [main] INFO  demoqaBase - Closing the Browser...
2025-08-11 14:32:48 [main] INFO  demoqaBase - Starting Web Browser...
2025-08-11 14:32:49 [main] INFO  demoqaBase - Navigating to demoqa.com Website
2025-08-11 14:32:50 [main] INFO  demoqaLog - Successfully navigated to: https://demoqa.com
2025-08-11 14:32:50 [main] INFO  demoqaLog - Starting Form Filling Test...
2025-08-11 14:32:51 [main] INFO  demoqaLog - Successfully navigated to: https://demoqa.com
2025-08-11 14:32:51 [main] INFO  demoqaLog - Accessing Form Card...
2025-08-11 14:32:51 [main] INFO  demoqaLog - Successfully navigated to: https://demoqa.com
2025-08-11 14:32:51 [main] INFO  demoqaLog - Clicking on Form Card...
2025-08-11 14:32:51 [main] INFO  demoqaBase - Closing the Browser...
2025-08-11 14:32:52 [main] INFO  demoqaBase - Starting Web Browser...
2025-08-11 14:32:53 [main] INFO  demoqaBase - Navigating to demoqa.com Website
2025-08-11 14:33:23 [main] WARN  demoqaLog - Navigation failed due to 502 or timeout. Retrying... Attempt 1
2025-08-11 14:33:29 [main] INFO  demoqaLog - Successfully navigated to: https://demoqa.com
2025-08-11 14:33:29 [main] INFO  demoqaLog - Starting Form Filling Test...
2025-08-11 14:33:30 [main] INFO  demoqaLog - Successfully navigated to: https://demoqa.com
2025-08-11 14:33:30 [main] INFO  demoqaLog - Accessing Form Card...
2025-08-11 14:33:31 [main] INFO  demoqaLog - Successfully navigated to: https://demoqa.com
2025-08-11 14:33:31 [main] INFO  demoqaLog - Clicking on Form Card...
2025-08-11 14:33:31 [main] INFO  demoqaLog - Clicked on Form Card...
2025-08-11 14:33:31 [main] INFO  demoqaLog - Clicking on Practice Form...
2025-08-11 14:33:31 [main] INFO  demoqaLog - Clicked on Practice Form...
2025-08-11 14:33:31 [main] INFO  demoqaLog - Filling form for: Gene Femina
2025-08-11 14:33:31 [main] INFO  demoqaLog - Entering First Name...
2025-08-11 14:33:32 [main] INFO  demoqaLog - Entered First Name: Gene
2025-08-11 14:33:34 [main] INFO  demoqaLog - Typed full subject: Accounting
2025-08-11 14:33:35 [main] INFO  demoqaLog - Entering Address...
2025-08-11 14:33:36 [main] INFO  demoqaLog - Entered Address...
2025-08-11 14:33:36 [main] INFO  demoqaLog - Selecting State: Uttar Pradesh
2025-08-11 14:33:36 [main] INFO  demoqaLog - Selected State: Uttar Pradesh
2025-08-11 14:33:36 [main] INFO  demoqaLog - Selecting City: Merrut
2025-08-11 14:33:37 [main] INFO  demoqaLog - Selected City: Merrut
2025-08-11 14:33:37 [main] INFO  demoqaLog - Submitting Form...
2025-08-11 14:33:37 [main] INFO  demoqaLog - Form Submitted via normal click...
2025-08-11 14:33:37 [main] INFO  demoqaLog - Test Form Filling Completed for: Gene Femina
2025-08-11 14:33:38 [main] INFO  demoqaBase - Closing the Browser...
2025-08-11 14:33:38 [main] INFO  demoqaBase - Starting Web Browser...
2025-08-11 14:33:39 [main] INFO  demoqaBase - Navigating to demoqa.com Website
2025-08-11 14:34:09 [main] WARN  demoqaLog - Navigation failed due to 502 or timeout. Retrying... Attempt 1
2025-08-11 14:34:14 [main] INFO  demoqaLog - Successfully navigated to: https://demoqa.com
2025-08-11 14:34:14 [main] INFO  demoqaLog - Starting Form Filling Test...
2025-08-11 14:34:14 [main] INFO  demoqaLog - Successfully navigated to: https://demoqa.com
2025-08-11 14:34:14 [main] INFO  demoqaLog - Accessing Form Card...
2025-08-11 14:34:15 [main] INFO  demoqaLog - Successfully navigated to: https://demoqa.com
2025-08-11 14:34:15 [main] INFO  demoqaLog - Clicking on Form Card...
2025-08-11 14:34:15 [main] INFO  demoqaLog - Clicked on Form Card...
2025-08-11 14:34:15 [main] INFO  demoqaLog - Clicking on Practice Form...
2025-08-11 14:34:15 [main] INFO  demoqaLog - Clicked on Practice Form...
2025-08-11 14:34:15 [main] INFO  demoqaLog - Filling form for: Bud Wisem
2025-08-11 14:34:15 [main] INFO  demoqaLog - Entering First Name...
2025-08-11 14:34:16 [main] INFO  demoqaLog - Entered First Name: Bud
2025-08-11 14:34:18 [main] INFO  demoqaLog - Typed full subject: Biology
2025-08-11 14:34:18 [main] INFO  demoqaLog - Entering Address...
2025-08-11 14:34:19 [main] INFO  demoqaLog - Entered Address...
2025-08-11 14:34:19 [main] INFO  demoqaLog - Selecting State: Haryana
2025-08-11 14:34:19 [main] INFO  demoqaLog - Selected State: Haryana
2025-08-11 14:34:19 [main] INFO  demoqaLog - Selecting City: Panipat
2025-08-11 14:34:19 [main] INFO  demoqaLog - Selected City: Panipat
2025-08-11 14:34:19 [main] INFO  demoqaLog - Submitting Form...
2025-08-11 14:34:20 [main] INFO  demoqaLog - Form Submitted via normal click...
2025-08-11 14:34:20 [main] INFO  demoqaLog - Test Form Filling Completed for: Bud Wisem
2025-08-11 14:34:20 [main] INFO  demoqaBase - Closing the Browser...
2025-08-11 14:34:21 [main] INFO  demoqaBase - Starting Web Browser...
2025-08-11 14:34:22 [main] INFO  demoqaBase - Navigating to demoqa.com Website
2025-08-11 14:34:52 [main] WARN  demoqaLog - Navigation failed due to 502 or timeout. Retrying... Attempt 1
2025-08-11 14:34:55 [main] INFO  demoqaLog - Successfully navigated to: https://demoqa.com
2025-08-11 14:34:55 [main] INFO  demoqaLog - Starting Form Filling Test...
2025-08-11 14:34:56 [main] INFO  demoqaLog - Successfully navigated to: https://demoqa.com
2025-08-11 14:34:56 [main] INFO  demoqaLog - Accessing Form Card...
2025-08-11 14:34:57 [main] INFO  demoqaLog - Successfully navigated to: https://demoqa.com
2025-08-11 14:34:57 [main] INFO  demoqaLog - Clicking on Form Card...
2025-08-11 14:34:57 [main] INFO  demoqaLog - Clicked on Form Card...
2025-08-11 14:34:57 [main] INFO  demoqaLog - Clicking on Practice Form...
2025-08-11 14:34:57 [main] INFO  demoqaLog - Clicked on Practice Form...
2025-08-11 14:34:57 [main] INFO  demoqaLog - Filling form for: Tom Boss
2025-08-11 14:34:57 [main] INFO  demoqaLog - Entering First Name...
2025-08-11 14:34:57 [main] INFO  demoqaLog - Entered First Name: Tom
2025-08-11 14:34:59 [main] INFO  demoqaLog - Typed full subject: Social Studies
2025-08-11 14:35:00 [main] INFO  demoqaLog - Entering Address...
2025-08-11 14:35:01 [main] INFO  demoqaLog - Entered Address...
2025-08-11 14:35:01 [main] INFO  demoqaLog - Selecting State: Rajasthan
2025-08-11 14:35:01 [main] INFO  demoqaLog - Selected State: Rajasthan
2025-08-11 14:35:01 [main] INFO  demoqaLog - Selecting City: Jaiselmer
2025-08-11 14:35:01 [main] INFO  demoqaLog - Selected City: Jaiselmer
2025-08-11 14:35:01 [main] INFO  demoqaLog - Submitting Form...
2025-08-11 14:35:02 [main] INFO  demoqaLog - Form Submitted via normal click...
2025-08-11 14:35:02 [main] INFO  demoqaLog - Test Form Filling Completed for: Tom Boss
2025-08-11 14:35:03 [main] INFO  demoqaBase - Closing the Browser...
